2026-07-08 19:54:10 [main] INFO  com.atmengine.AtmEngineApplication - Starting AtmEngineApplication using Java 21.0.11 with PID 37676 (C:\Users\pubgr\Downloads\Hackathon\backend\target\classes started by pubgr in C:\Users\pubgr\Downloads\Hackathon\backend)
2026-07-08 19:54:10 [main] DEBUG com.atmengine.AtmEngineApplication - Running with Spring Boot v3.3.4, Spring v6.1.13
2026-07-08 19:54:10 [main] INFO  com.atmengine.AtmEngineApplication - No active profile set, falling back to 1 default profile: "default"
2026-07-08 19:54:11 [main] INFO  o.s.d.r.c.RepositoryConfigurationDelegate - Bootstrapping Spring Data JPA repositories in DEFAULT mode.
2026-07-08 19:54:11 [main] INFO  o.s.d.r.c.RepositoryConfigurationDelegate - Finished Spring Data repository scanning in 72 ms. Found 5 JPA repository interfaces.
2026-07-08 19:54:11 [main] INFO  o.s.b.w.e.tomcat.TomcatWebServer - Tomcat initialized with port 8080 (http)
2026-07-08 19:54:11 [main] INFO  o.a.catalina.core.StandardService - Starting service [Tomcat]
2026-07-08 19:54:11 [main] INFO  o.a.catalina.core.StandardEngine - Starting Servlet engine: [Apache Tomcat/10.1.30]
2026-07-08 19:54:12 [main] INFO  o.a.c.c.C.[Tomcat].[localhost].[/] - Initializing Spring embedded WebApplicationContext
2026-07-08 19:54:12 [main] INFO  o.s.b.w.s.c.ServletWebServerApplicationContext - Root WebApplicationContext: initialization completed in 2066 ms
2026-07-08 19:54:12 [main] INFO  com.zaxxer.hikari.HikariDataSource - HikariPool-1 - Starting...
2026-07-08 19:54:12 [main] INFO  com.zaxxer.hikari.pool.HikariPool - HikariPool-1 - Added connection com.mysql.cj.jdbc.ConnectionImpl@6d7ad0f5
2026-07-08 19:54:12 [main] INFO  com.zaxxer.hikari.HikariDataSource - HikariPool-1 - Start completed.
2026-07-08 19:54:12 [main] INFO  o.h.jpa.internal.util.LogHelper - HHH000204: Processing PersistenceUnitInfo [name: default]
2026-07-08 19:54:12 [main] INFO  org.hibernate.Version - HHH000412: Hibernate ORM core version 6.5.3.Final
2026-07-08 19:54:12 [main] INFO  o.h.c.i.RegionFactoryInitiator - HHH000026: Second-level cache disabled
2026-07-08 19:54:13 [main] INFO  o.s.o.j.p.SpringPersistenceUnitInfo - No LoadTimeWeaver setup: ignoring JPA class transformer
2026-07-08 19:54:13 [main] WARN  org.hibernate.orm.deprecation - HHH90000025: MySQLDialect does not need to be specified explicitly using 'hibernate.dialect' (remove the property setting and it will be selected by default)
2026-07-08 19:54:14 [main] INFO  o.h.e.t.j.p.i.JtaPlatformInitiator - HHH000489: No JTA platform available (set 'hibernate.transaction.jta.platform' to enable JTA platform integration)
2026-07-08 19:54:14 [main] INFO  o.s.o.j.LocalContainerEntityManagerFactoryBean - Initialized JPA EntityManagerFactory for persistence unit 'default'
2026-07-08 19:54:15 [main] INFO  o.s.d.j.r.query.QueryEnhancerFactory - Hibernate is in classpath; If applicable, HQL parser will be used.
2026-07-08 19:54:15 [main] WARN  o.s.b.a.s.s.UserDetailsServiceAutoConfiguration - 

Using generated security password: c71e4bbc-ba83-4207-96d9-5ba660c6f9c2

This generated password is for development use only. Your security configuration must be updated before running your application in production.

2026-07-08 19:54:16 [main] INFO  o.s.b.w.e.tomcat.TomcatWebServer - Tomcat started on port 8080 (http) with context path '/'
2026-07-08 19:54:16 [main] INFO  com.atmengine.AtmEngineApplication - Started AtmEngineApplication in 6.704 seconds (process running for 7.146)
2026-07-08 19:55:08 [http-nio-8080-exec-1] INFO  o.a.c.c.C.[Tomcat].[localhost].[/] - Initializing Spring DispatcherServlet 'dispatcherServlet'
2026-07-08 19:55:08 [http-nio-8080-exec-1] INFO  o.s.web.servlet.DispatcherServlet - Initializing Servlet 'dispatcherServlet'
2026-07-08 19:55:08 [http-nio-8080-exec-1] INFO  o.s.web.servlet.DispatcherServlet - Completed initialization in 0 ms
2026-07-08 19:55:08 [http-nio-8080-exec-1] INFO  c.atmengine.controller.ATMController - REST: Login request received
2026-07-08 19:55:08 [http-nio-8080-exec-1] INFO  com.atmengine.service.ATMService - ATMService: Login attempt for account: ****7890
2026-07-08 19:55:08 [http-nio-8080-exec-1] INFO  com.atmengine.service.AuditService - Audit event logged: LOGIN_SUCCESS - ACC1234567890 - SUCCESS
2026-07-08 19:55:08 [http-nio-8080-exec-1] INFO  com.atmengine.service.ATMService - ATMService: Login successful for account: ****7890
2026-07-08 19:55:08 [http-nio-8080-exec-7] INFO  c.atmengine.controller.ATMController - REST: ATM status request
2026-07-08 19:55:08 [http-nio-8080-exec-2] INFO  c.atmengine.controller.ATMController - REST: Balance inquiry for account: ****7890
2026-07-08 19:55:08 [http-nio-8080-exec-3] INFO  c.atmengine.controller.ATMController - REST: Mini statement request for account: ****7890
2026-07-08 19:55:08 [http-nio-8080-exec-3] INFO  com.atmengine.service.ATMService - ATMService: Mini statement for account: ****7890
2026-07-08 19:55:08 [http-nio-8080-exec-2] INFO  com.atmengine.service.ATMService - ATMService: Balance inquiry for account: ****7890
2026-07-08 19:55:08 [http-nio-8080-exec-10] INFO  c.atmengine.controller.ATMController - REST: ATM status request
2026-07-08 19:55:08 [http-nio-8080-exec-2] INFO  com.atmengine.service.AuditService - Audit event logged: BALANCE_INQUIRY - ACC1234567890 - SUCCESS
2026-07-08 19:55:08 [http-nio-8080-exec-3] INFO  com.atmengine.service.AuditService - Audit event logged: MINI_STATEMENT - ACC1234567890 - SUCCESS
2026-07-08 19:55:08 [http-nio-8080-exec-8] INFO  c.atmengine.controller.ATMController - REST: Balance inquiry for account: ****7890
2026-07-08 19:55:08 [http-nio-8080-exec-8] INFO  com.atmengine.service.ATMService - ATMService: Balance inquiry for account: ****7890
2026-07-08 19:55:08 [http-nio-8080-exec-6] INFO  c.atmengine.controller.ATMController - REST: Mini statement request for account: ****7890
2026-07-08 19:55:08 [http-nio-8080-exec-6] INFO  com.atmengine.service.ATMService - ATMService: Mini statement for account: ****7890
2026-07-08 19:55:08 [http-nio-8080-exec-8] INFO  com.atmengine.service.AuditService - Audit event logged: BALANCE_INQUIRY - ACC1234567890 - SUCCESS
2026-07-08 19:55:08 [http-nio-8080-exec-6] INFO  com.atmengine.service.AuditService - Audit event logged: MINI_STATEMENT - ACC1234567890 - SUCCESS
